<?xml version="1.0" encoding="UTF-8"?>
<!-- Generated by org.testng.reporters.JUnitReportReporter -->
<testsuite hostname="Meleks-MacBook-Pro.local" failures="0" tests="1" name="helloworld_melek.TestHelloWorld" time="0.005" errors="0" timestamp="2022-02-19T13:24:12 MEZ" skipped="0">
  <testcase classname="helloworld_melek.TestHelloWorld" name="testHelloWorld" time="0.005"/>
  <system-out/>
</testsuite> <!-- helloworld_melek.TestHelloWorld -->
